#ID     Ln(Age/yr)    sigma(Ln(Age/yr))  Ln(StM/MSun)  sigma(Ln(StM/MSun))   EBV    sigma(EBV)    ln(tau)   sigma(ln(tau))    SFR    sigma(SFR)    BF_Chi2     Quality(1=best)
 1	0.224130E+02 	 0.104369E+01 	 0.228320E+02 	 0.480082E+00 	 0.326050E+00 	 0.619669E-01  	 0.137320E+01 	 0.105917E+01  	  0.311750E+01   	   0.527593E+01   	9.50      	1
2	0.181900E+02 	 0.169874E+00 	 0.204870E+02 	 0.945607E-01 	 0.345980E+00 	 0.975028E-02  	 -0.212090E+01 	 0.582581E+00  	  0.191640E+02   	   0.166357E+01   	131.51    	1
3	0.193410E+02 	 0.466996E+00 	 0.230160E+02 	 0.148443E+00 	 0.316130E+00 	 0.168931E-01  	 -0.224590E+01 	 0.116436E+01  	  0.416610E+02   	   0.685624E+01   	64.41     	1
4	0.193850E+02 	 0.351020E+00 	 0.227340E+02 	 0.119488E+00 	 0.294840E+00 	 0.174573E-01  	 -0.213910E+01 	 0.900337E+00  	  0.325010E+02   	   0.488465E+01   	21.85     	1
5	0.202700E+02 	 0.411068E+00 	 0.246040E+02 	 0.118465E+00 	 0.461060E+00 	 0.187291E-01  	 -0.115630E+01 	 0.756844E+00  	  0.101360E+03   	   0.170183E+02   	18.42     	1
6	0.192920E+02 	 0.581961E+00 	 0.211690E+02 	 0.239986E+00 	 0.282350E+00 	 0.283093E-01  	 -0.221090E+01 	 0.110915E+01  	  0.752330E+01   	   0.174841E+01   	3.80      	1
7	0.210180E+02 	 0.506783E+00 	 0.210750E+02 	 0.185112E+00 	 0.970430E-01 	 0.412638E-01  	 -0.481990E+00 	 0.843328E+00  	  0.140040E+01   	   0.477287E+00   	9.02      	1
8	0.198600E+02 	 0.215208E+00 	 0.217950E+02 	 0.698720E-01 	 0.148710E+00 	 0.235897E-01  	 -0.211990E+01 	 0.239000E+00  	  0.433790E+01   	   0.932803E+00   	26.44     	2
9	0.217840E+02 	 0.359314E+00 	 0.214410E+02 	 0.173071E+00 	 0.499980E-01 	 0.317751E-01  	 0.296600E+00 	 0.544748E+00  	  0.997260E+00   	   0.357098E+00   	7.72      	1
10	0.195960E+02 	 0.397184E+00 	 0.228390E+02 	 0.114120E+00 	 0.531900E+00 	 0.189338E-01  	 -0.213590E+01 	 0.747593E+00  	  0.233530E+02   	   0.416004E+01   	18.15     	1
11	0.196200E+02 	 0.336528E+00 	 0.226380E+02 	 0.971027E-01 	 0.248680E+00 	 0.169311E-01  	 -0.215230E+01 	 0.528325E+00  	  0.176640E+02   	   0.292161E+01   	8.50      	2
12	0.204680E+02 	 0.456887E+00 	 0.229740E+02 	 0.136719E+00 	 0.275740E+00 	 0.236258E-01  	 -0.114840E+01 	 0.612234E+00  	  0.136790E+02   	   0.321530E+01   	25.95     	2
13	0.201040E+02 	 0.350982E+00 	 0.213760E+02 	 0.109408E+00 	 0.949760E-01 	 0.220923E-01  	 -0.154120E+01 	 0.499981E+00  	  0.376040E+01   	   0.724821E+00   	12.25     	1
14	0.209080E+02 	 0.162501E+00 	 0.217360E+02 	 0.427185E-01 	 0.798830E-01 	 0.380887E-01  	 -0.150890E+01 	 0.201868E+00  	  0.491290E+00   	   0.176354E+00   	12.29     	1
15	0.220060E+02 	 0.298354E+00 	 0.238520E+02 	 0.138006E+00 	 0.427220E+00 	 0.250338E-01  	 0.160000E+01 	 0.384189E+00  	  0.160050E+02   	   0.361265E+01   	26.19     	1
16	0.206090E+02 	 0.152527E+00 	 0.231390E+02 	 0.344506E-01 	 0.184380E+00 	 0.289292E-01  	 -0.215820E+01 	 0.604314E-01  	  0.533220E+00   	   0.525091E+00   	6.62      	1
17	0.195350E+02 	 0.383233E+00 	 0.224580E+02 	 0.106362E+00 	 0.387490E+00 	 0.161986E-01  	 -0.216740E+01 	 0.843908E+00  	  0.175290E+02   	   0.285102E+01   	29.05     	1
18	0.202330E+02 	 0.471354E-01 	 0.253960E+02 	 0.183656E-01 	 0.243790E+00 	 0.104496E-01  	 -0.211840E+01 	 0.380513E-01  	  0.444800E+02   	   0.942305E+01   	48.56     	2
19	0.196990E+02 	 0.285770E+00 	 0.208080E+02 	 0.950330E-01 	 0.810550E-01 	 0.260884E-01  	 -0.213250E+01 	 0.399959E+00  	  0.241930E+01   	   0.518602E+00   	14.02     	1
20	0.192860E+02 	 0.474704E+00 	 0.201720E+02 	 0.240938E+00 	 0.150890E+00 	 0.206022E-01  	 -0.940300E+00 	 0.109106E+01  	  0.518810E+01   	   0.126930E+01   	17.47     	1
21	0.203740E+02 	 0.389105E+00 	 0.212700E+02 	 0.116150E+00 	 0.115180E+00 	 0.234430E-01  	 -0.126730E+01 	 0.802865E+00  	  0.260990E+01   	   0.617064E+00   	14.89     	1
22	0.197140E+02 	 0.203014E+00 	 0.227490E+02 	 0.706027E-01 	 0.245650E+00 	 0.131948E-01  	 -0.192120E+01 	 0.294028E+00  	  0.216260E+02   	   0.341317E+01   	21.66     	1
23	0.198870E+02 	 0.536157E-01 	 0.235740E+02 	 0.315351E-01 	 0.449790E+00 	 0.107754E-01  	 -0.215770E+01 	 0.536400E-01  	  0.219630E+02   	   0.478532E+01   	19.63     	1
24	0.199300E+02 	 0.210064E+00 	 0.217730E+02 	 0.678391E-01 	 0.216460E+00 	 0.209374E-01  	 -0.219770E+01 	 0.249221E+00  	  0.289000E+01   	   0.828493E+00   	12.50     	2
25	0.208150E+02 	 0.532389E+00 	 0.209240E+02 	 0.199324E+00 	 0.172690E+00 	 0.274646E-01  	 0.125390E+01 	 0.102365E+01  	  0.295200E+01   	   0.808141E+00   	11.46     	1
26	0.172340E+02 	 0.439730E+00 	 0.210040E+02 	 0.211221E+00 	 0.434370E+00 	 0.174714E-01  	 -0.223110E+01 	 0.113608E+01  	  0.881730E+02   	   0.122108E+02   	83.27     	1
27	0.202140E+02 	 0.240923E+00 	 0.220740E+02 	 0.793902E-01 	 0.253730E+00 	 0.220816E-01  	 -0.186000E+01 	 0.299667E+00  	  0.336800E+01   	   0.125299E+01   	13.19     	2
28	0.195500E+02 	 0.613025E+00 	 0.204040E+02 	 0.312110E+00 	 0.132790E+00 	 0.376233E-01  	 -0.217310E+01 	 0.109865E+01  	  0.215290E+01   	   0.168450E+01   	11.81     	1
NA    NA      NA     NA     NA      NA     NA     NA    NA    NA   NA   NA   3
 30	0.196300E+02 	 0.537746E+00 	 0.207030E+02 	 0.282048E+00 	 0.184190E+00 	 0.225560E-01  	 0.136700E+01 	 0.108615E+01  	  0.760340E+01   	   0.247468E+01   	12.12     	1
31	0.196530E+02 	 0.116003E+00 	 0.209630E+02 	 0.653686E-01 	 0.149960E+00 	 0.279192E-01  	 -0.212150E+01 	 0.937929E-01  	  0.320830E+01   	   0.699484E+00   	80.85     	1
32	0.195790E+02 	 0.257144E+00 	 0.209740E+02 	 0.143104E+00 	 0.150110E+00 	 0.346814E-01  	 -0.218790E+01 	 0.998513E+00  	  0.348900E+01   	   0.133501E+01   	45.44     	1
33	0.200080E+02 	 0.753203E+00 	 0.215840E+02 	 0.407869E+00 	 0.626690E+00 	 0.348217E-01  	 -0.315980E+00 	 0.105782E+01  	  0.107060E+02   	   0.548858E+01   	145.44    	1
34	0.182080E+02 	 0.363335E+00 	 0.197220E+02 	 0.187474E+00 	 0.265750E+00 	 0.141822E-01  	 -0.215980E+01 	 0.116975E+01  	  0.864880E+01   	   0.116865E+01   	120.46    	1
35	0.213230E+02 	 0.484965E+00 	 0.241430E+02 	 0.191889E+00 	 0.387080E+00 	 0.264837E-01  	 0.155220E+01 	 0.767554E+00  	  0.451350E+02   	   0.144849E+02   	49.50     	1
36	0.211490E+02 	 0.213621E+00 	 0.246850E+02 	 0.244204E-01 	 0.162100E+00 	 0.425908E-01  	 -0.169540E+01 	 0.271180E+00  	  0.949330E+00   	   0.467380E+01   	23.44     	2
37	0.197370E+02 	 0.127315E+00 	 0.228160E+02 	 0.496410E-01 	 0.350790E+00 	 0.128031E-01  	 -0.212250E+01 	 0.148612E+00  	  0.166560E+02   	   0.304494E+01   	28.33     	1
38	0.202910E+02 	 0.117946E+00 	 0.222430E+02 	 0.424452E-01 	 0.240480E+00 	 0.165081E-01  	 -0.211060E+01 	 0.119071E+00  	  0.149770E+01   	   0.112811E+01   	9.99      	2
39	0.201810E+02 	 0.445637E+00 	 0.225910E+02 	 0.136419E+00 	 0.413080E+00 	 0.219789E-01  	 -0.115740E+01 	 0.970520E+00  	  0.158300E+02   	   0.288921E+01   	30.52     	1
40	0.185500E+02 	 0.151765E+00 	 0.223280E+02 	 0.101062E+00 	 0.492540E+00 	 0.878660E-02  	 -0.212830E+01 	 0.227190E+00  	  0.783590E+02   	   0.699813E+01   	252.56    	1
41	0.208170E+02 	 0.460312E+00 	 0.225010E+02 	 0.157399E+00 	 0.309220E+00 	 0.248698E-01  	 -0.312100E-01 	 0.882632E+00  	  0.106610E+02   	   0.254962E+01   	29.00     	1
42	0.197350E+02 	 0.207877E+00 	 0.227290E+02 	 0.679144E-01 	 0.190580E+00 	 0.175021E-01  	 -0.212420E+01 	 0.247119E+00  	  0.152870E+02   	   0.285764E+01   	30.48     	2
43	0.214350E+02 	 0.490329E+00 	 0.208300E+02 	 0.194208E+00 	 0.125420E+00 	 0.318342E-01  	 0.152060E+01 	 0.755223E+00  	  0.145360E+01   	   0.451959E+00   	17.04     	1
44	0.188460E+02 	 0.469516E+00 	 0.208270E+02 	 0.217175E+00 	 0.431210E+00 	 0.194161E-01  	 -0.213580E+01 	 0.116149E+01  	  0.117090E+02   	   0.207150E+01   	36.30     	1
45	0.202760E+02 	 0.419177E+00 	 0.211370E+02 	 0.123209E+00 	 0.145850E+00 	 0.213288E-01  	 -0.128260E+01 	 0.951810E+00  	  0.274280E+01   	   0.664081E+00   	7.99      	1
46	0.204440E+02 	 0.336352E+00 	 0.214260E+02 	 0.108340E+00 	 0.115190E+00 	 0.238623E-01  	 -0.112200E+01 	 0.475500E+00  	  0.314840E+01   	   0.692927E+00   	13.02     	1
47	0.205550E+02 	 0.439541E+00 	 0.211390E+02 	 0.138035E+00 	 0.116420E+00 	 0.256231E-01  	 -0.729980E+00 	 0.904103E+00  	  0.273530E+01   	   0.604648E+00   	20.19     	1
48	0.201500E+02 	 0.256475E+00 	 0.236260E+02 	 0.786046E-01 	 0.472830E+00 	 0.220870E-01  	 -0.210680E+01 	 0.317043E+00  	  0.106820E+02   	   0.497225E+01   	16.90     	1
49	0.186170E+02 	 0.339953E+00 	 0.214240E+02 	 0.155740E+00 	 0.329250E+00 	 0.111388E-01  	 -0.215010E+01 	 0.118876E+01  	  0.288330E+02   	   0.337597E+01   	38.49     	1
50	0.202210E+02 	 0.420756E+00 	 0.227470E+02 	 0.138019E+00 	 0.304540E+00 	 0.190695E-01  	 -0.769420E+00 	 0.993670E+00  	  0.222370E+02   	   0.378203E+01   	36.84     	1
51	0.196060E+02 	 0.419476E+00 	 0.213330E+02 	 0.136087E+00 	 0.192970E+00 	 0.190185E-01  	 -0.174300E+01 	 0.108580E+01  	  0.762810E+01   	   0.116987E+01   	8.65      	1
52	0.216330E+02 	 0.482357E+00 	 0.240160E+02 	 0.203522E+00 	 0.436050E+00 	 0.323916E-01  	 0.159590E+01 	 0.530757E+00  	  0.287690E+02   	   0.112093E+02   	109.25    	1
53	0.208940E+02 	 0.157601E+00 	 0.237950E+02 	 0.246191E-01 	 0.161460E+00 	 0.350663E-01  	 -0.211760E+01 	 0.961675E-01  	  0.150330E+00   	   0.106485E+01   	140.36    	2
54	0.199710E+02 	 0.371111E+00 	 0.218790E+02 	 0.123041E+00 	 0.304900E+00 	 0.210516E-01  	 -0.169060E+01 	 0.979452E+00  	  0.680930E+01   	   0.169711E+01   	33.19     	1
55	0.197750E+02 	 0.160600E+00 	 0.230010E+02 	 0.546821E-01 	 0.397470E+00 	 0.145934E-01  	 -0.212120E+01 	 0.221413E+00  	  0.182150E+02   	   0.361554E+01   	27.00     	1
56	0.194580E+02 	 0.425687E+00 	 0.224210E+02 	 0.113033E+00 	 0.212590E+00 	 0.152357E-01  	 -0.226150E+01 	 0.111220E+01  	  0.175800E+02   	   0.305598E+01   	40.28     	1
57	0.196430E+02 	 0.152082E+00 	 0.207890E+02 	 0.600122E-01 	 0.723310E-01 	 0.193947E-01  	 -0.213500E+01 	 0.227195E+00  	  0.270710E+01   	   0.517273E+00   	22.55     	1
58	0.204480E+02 	 0.324443E+00 	 0.213090E+02 	 0.104758E+00 	 0.145470E+00 	 0.334270E-01  	 -0.134990E+01 	 0.395408E+00  	  0.208320E+01   	   0.584252E+00   	6.06      	1
59	0.216040E+02 	 0.997476E-01 	 0.232400E+02 	 0.592861E-01 	 0.157200E+00 	 0.202361E-01  	 -0.731400E+00 	 0.437030E-01  	  0.153230E+01   	   0.664037E+00   	15.43     	2
60	0.204600E+02 	 0.351516E+00 	 0.231430E+02 	 0.108242E+00 	 0.229760E+00 	 0.192568E-01  	 -0.102990E+01 	 0.667035E+00  	  0.184880E+02   	   0.369873E+01   	27.65     	1
61	0.197480E+02 	 0.278516E+00 	 0.212640E+02 	 0.942463E-01 	 0.225780E+00 	 0.265512E-01  	 -0.213800E+01 	 0.349211E+00  	  0.333920E+01   	   0.655120E+00   	7.25      	2
62	0.201800E+02 	 0.453083E+00 	 0.205960E+02 	 0.173675E+00 	 0.174220E+00 	 0.285821E-01  	 -0.117620E+01 	 0.101406E+01  	  0.212240E+01   	   0.593183E+00   	13.23     	1
63	0.210090E+02 	 0.555884E+00 	 0.206290E+02 	 0.187764E+00 	 0.885680E-01 	 0.298528E-01  	 0.493420E+00 	 0.100676E+01  	  0.154540E+01   	   0.474771E+00   	7.22      	1
64	0.212030E+02 	 0.517003E+00 	 0.217550E+02 	 0.213343E+00 	 0.131730E+00 	 0.295031E-01  	 0.158500E+01 	 0.774229E+00  	  0.470870E+01   	   0.167897E+01   	14.04     	1
65	0.184130E+02 	 0.531129E+00 	 0.198630E+02 	 0.268016E+00 	 0.268830E+00 	 0.227410E-01  	 -0.215030E+01 	 0.117367E+01  	  0.782700E+01   	   0.145626E+01   	13.47     	1
66	0.197540E+02 	 0.409612E+00 	 0.211270E+02 	 0.123744E+00 	 0.118730E+00 	 0.210146E-01  	 -0.174630E+01 	 0.101549E+01  	  0.473780E+01   	   0.810832E+00   	10.84     	1
67	0.213270E+02 	 0.323449E+00 	 0.251620E+02 	 0.759920E-01 	 0.134450E+00 	 0.108203E+00  	 -0.159570E+01 	 0.189828E+00  	  0.777390E+00   	   0.102030E+02   	21.75     	1
68	0.203790E+02 	 0.495117E+00 	 0.210600E+02 	 0.143849E+00 	 0.118800E+00 	 0.230910E-01  	 -0.737770E+00 	 0.111734E+01  	  0.332180E+01   	   0.701360E+00   	16.48     	1
69	0.187730E+02 	 0.316848E+00 	 0.225160E+02 	 0.123934E+00 	 0.427220E+00 	 0.861826E-02  	 -0.212270E+01 	 0.113715E+01  	  0.706790E+02   	   0.682376E+01   	65.28     	1
70	0.196700E+02 	 0.230259E+00 	 0.210790E+02 	 0.744272E-01 	 0.100910E+00 	 0.212155E-01  	 -0.212380E+01 	 0.309483E+00  	  0.344880E+01   	   0.613009E+00   	29.59     	2
71	0.209330E+02 	 0.165913E+00 	 0.240190E+02 	 0.244062E-01 	 0.161450E+00 	 0.406130E-01  	 -0.229810E+01 	 0.106058E+00  	  0.252670E-01   	   0.155009E+01   	38.72     	1
72	0.196250E+02 	 0.380758E+00 	 0.205640E+02 	 0.119319E+00 	 0.130500E+00 	 0.286090E-01  	 -0.216320E+01 	 0.678336E+00  	  0.215920E+01   	   0.461636E+00   	9.88      	1
73	0.196290E+02 	 0.313198E+00 	 0.204720E+02 	 0.952746E-01 	 0.342810E-01 	 0.223180E-01  	 -0.218120E+01 	 0.695176E+00  	  0.189640E+01   	   0.433371E+00   	14.48     	1
74	0.199060E+02 	 0.136569E+00 	 0.205630E+02 	 0.592481E-01 	 0.179480E-03 	 0.175247E-01  	 -0.212360E+01 	 0.181273E+00  	  0.110140E+01   	   0.264050E+00   	82.14     	2
75	0.213050E+02 	 0.116122E+00 	 0.246970E+02 	 0.701244E-01 	 0.178510E+00 	 0.148203E-01  	 -0.188030E+01 	 0.238419E+00  	  0.562110E-01   	   0.454861E+00   	28.94     	2
76	0.220910E+02 	 0.215040E+00 	 0.245470E+02 	 0.110416E+00 	 0.323360E+00 	 0.181778E-01  	 0.160550E+01 	 0.291177E+00  	  0.290480E+02   	   0.420241E+01   	27.28     	1
77	0.195800E+02 	 0.167643E+00 	 0.223460E+02 	 0.616305E-01 	 0.129950E+00 	 0.150237E-01  	 -0.212960E+01 	 0.396053E+00  	  0.149400E+02   	   0.244776E+01   	22.78     	1
78	0.199840E+02 	 0.281762E+00 	 0.252300E+02 	 0.797306E-01 	 0.368270E+00 	 0.319202E-01  	 -0.213370E+01 	 0.351272E+00  	  0.900540E+02   	   0.187259E+02   	52.39     	2
79	0.198220E+02 	 0.265600E+00 	 0.235800E+02 	 0.719858E-01 	 0.442160E+00 	 0.195518E-01  	 -0.213180E+01 	 0.411259E+00  	  0.281540E+02   	   0.625691E+01   	20.35     	1
NA    NA      NA     NA     NA      NA     NA     NA    NA    NA   NA   NA   3
 81	0.210380E+02 	 0.169934E+00 	 0.231550E+02 	 0.359589E-01 	 0.158940E+00 	 0.477373E-01  	 -0.182550E+01 	 0.296329E+00  	  0.201690E+00   	   0.117704E+01   	23.37     	1
82	0.216910E+02 	 0.326930E+00 	 0.254330E+02 	 0.102812E+00 	 0.104140E+00 	 0.994583E-01  	 -0.915670E+00 	 0.384688E+00  	  0.450150E+01   	   0.127373E+02   	17.12     	1
83	0.212390E+02 	 0.447868E+00 	 0.211580E+02 	 0.163218E+00 	 0.106290E+00 	 0.294813E-01  	 0.205350E+00 	 0.785152E+00  	  0.172150E+01   	   0.502706E+00   	4.88      	1
84	0.205540E+02 	 0.925208E-01 	 0.249740E+02 	 0.307674E-01 	 0.318480E+00 	 0.159608E-01  	 -0.202050E+01 	 0.431051E-01  	  0.922770E+01   	   0.714884E+01   	16.24     	2
85	0.210870E+02 	 0.602078E+00 	 0.218860E+02 	 0.214383E+00 	 0.368440E+00 	 0.425383E-01  	 -0.435830E+00 	 0.918591E+00  	  0.285260E+01   	   0.136520E+01   	7.55      	1
86	0.181830E+02 	 0.325029E+00 	 0.212310E+02 	 0.169933E+00 	 0.256370E+00 	 0.114403E-01  	 -0.213900E+01 	 0.117792E+01  	  0.404920E+02   	   0.497860E+01   	17.28     	1
87	0.207930E+02 	 0.209522E+00 	 0.224730E+02 	 0.422815E-01 	 0.281000E+00 	 0.388746E-01  	 -0.206520E+01 	 0.287955E+00  	  0.132400E+00   	   0.327962E+00   	11.51     	1
88	0.198300E+02 	 0.223723E+00 	 0.221170E+02 	 0.750846E-01 	 0.232020E+00 	 0.175117E-01  	 -0.228880E+01 	 0.280921E+00  	  0.453820E+01   	   0.164034E+01   	23.59     	2
89	0.201340E+02 	 0.301578E+00 	 0.215070E+02 	 0.919279E-01 	 0.178340E+00 	 0.279012E-01  	 -0.205360E+01 	 0.346732E+00  	  0.157680E+01   	   0.705766E+00   	4.48      	2
90	0.198770E+02 	 0.184191E+00 	 0.214470E+02 	 0.637766E-01 	 0.201880E+00 	 0.256988E-01  	 -0.213350E+01 	 0.200320E+00  	  0.283920E+01   	   0.690515E+00   	28.66     	1
91	0.224120E+02 	 0.117564E+01 	 0.212630E+02 	 0.539922E+00 	 0.398150E-01 	 0.713341E-01  	 0.152640E+01 	 0.110360E+01  	  0.701920E+00   	   0.142735E+01   	14.29     	1
92	0.211680E+02 	 0.140127E+00 	 0.231400E+02 	 0.407258E-01 	 0.221990E+00 	 0.305952E-01  	 -0.133480E+01 	 0.259769E+00  	  0.114340E+01   	   0.332147E+00   	17.98     	1
93	0.193560E+02 	 0.362876E+00 	 0.218880E+02 	 0.114433E+00 	 0.182950E+00 	 0.152597E-01  	 -0.218130E+01 	 0.112676E+01  	  0.140960E+02   	   0.207939E+01   	42.04     	1
94	0.195760E+02 	 0.215418E+00 	 0.217960E+02 	 0.789640E-01 	 0.130350E+00 	 0.176406E-01  	 -0.213780E+01 	 0.383847E+00  	  0.859290E+01   	   0.149826E+01   	26.69     	1
NA    NA      NA     NA     NA      NA     NA     NA    NA    NA   NA   NA   3
 96	0.212580E+02 	 0.224687E+00 	 0.240740E+02 	 0.356224E-01 	 0.263060E+00 	 0.367736E-01  	 -0.109270E+01 	 0.332289E+00  	  0.463160E+01   	   0.133147E+01   	23.00     	2
97	0.185250E+02 	 0.413339E+00 	 0.206710E+02 	 0.212141E+00 	 0.224710E+00 	 0.152244E-01  	 -0.227400E+01 	 0.113015E+01  	  0.145030E+02   	   0.264431E+01   	34.82     	1
98	0.200110E+02 	 0.107900E+00 	 0.228700E+02 	 0.343428E-01 	 0.185900E+00 	 0.150696E-01  	 -0.217190E+01 	 0.125665E+00  	  0.706000E+01   	   0.179565E+01   	24.58     	2
99	0.197470E+02 	 0.234212E+00 	 0.204200E+02 	 0.611977E-01 	 0.356990E-03 	 0.511170E-02  	 -0.212220E+01 	 0.376490E+00  	  0.147840E+01   	   0.198111E+00   	156.71    	2
NA    NA      NA     NA     NA      NA     NA     NA    NA    NA   NA   NA   3
 101	0.198620E+02 	 0.261489E+00 	 0.245560E+02 	 0.711079E-01 	 0.347910E+00 	 0.185861E-01  	 -0.217890E+01 	 0.410572E+00  	  0.604010E+02   	   0.152996E+02   	21.28     	1
102	0.210340E+02 	 0.783182E-01 	 0.240270E+02 	 0.263691E-01 	 0.115380E+00 	 0.199634E-01  	 -0.229820E+01 	 0.931467E-01  	  0.768190E-02   	   0.861271E-01   	36.77     	2
103	0.196430E+02 	 0.337175E+00 	 0.206200E+02 	 0.131100E+00 	 0.100110E+00 	 0.285679E-01  	 -0.201200E+01 	 0.101120E+01  	  0.266230E+01   	   0.741367E+00   	38.94     	1
104	0.195440E+02 	 0.481519E+00 	 0.212220E+02 	 0.144454E+00 	 0.222380E+00 	 0.232442E-01  	 -0.224170E+01 	 0.105398E+01  	  0.448100E+01   	   0.967104E+00   	13.61     	1
105	0.200030E+02 	 0.428924E+00 	 0.212060E+02 	 0.167110E+00 	 0.268130E+00 	 0.253466E-01  	 -0.141720E+01 	 0.104053E+01  	  0.435080E+01   	   0.109228E+01   	24.65     	1
106	0.195410E+02 	 0.565614E+00 	 0.216790E+02 	 0.149800E+00 	 0.268160E+00 	 0.237042E-01  	 -0.211870E+01 	 0.996056E+00  	  0.847130E+01   	   0.146612E+01   	23.95     	2
107	0.195860E+02 	 0.241313E+00 	 0.237360E+02 	 0.904315E-01 	 0.274330E+00 	 0.143709E-01  	 -0.212780E+01 	 0.453532E+00  	  0.593840E+02   	   0.109047E+02   	27.20     	1
108	0.217600E+02 	 0.314366E+00 	 0.245650E+02 	 0.125124E+00 	 0.277700E+00 	 0.317695E-01  	 -0.158950E+00 	 0.305286E+00  	  0.133410E+02   	   0.516585E+01   	12.82     	1
109	0.195300E+02 	 0.384530E+00 	 0.222040E+02 	 0.112920E+00 	 0.340130E+00 	 0.175612E-01  	 -0.213560E+01 	 0.808518E+00  	  0.143350E+02   	   0.228137E+01   	30.78     	1
110	0.206640E+02 	 0.320794E+00 	 0.220970E+02 	 0.100308E+00 	 0.250630E+00 	 0.305933E-01  	 -0.117180E+01 	 0.389548E+00  	  0.353540E+01   	   0.108376E+01   	13.44     	1
111	0.209980E+02 	 0.610135E-01 	 0.238690E+02 	 0.187797E-01 	 0.161950E+00 	 0.189132E-01  	 -0.230200E+01 	 0.193687E-01  	  0.977870E-02   	   0.279828E-01   	28.66     	2
112	0.206600E+02 	 0.690498E-01 	 0.237910E+02 	 0.239258E-01 	 0.201880E+00 	 0.140437E-01  	 -0.229870E+01 	 0.299489E-01  	  0.277340E+00   	   0.666024E+00   	25.17     	1
113	0.196580E+02 	 0.256847E+00 	 0.210500E+02 	 0.824321E-01 	 0.143930E+00 	 0.203821E-01  	 -0.213660E+01 	 0.339404E+00  	  0.337960E+01   	   0.594269E+00   	25.45     	1
114	0.207370E+02 	 0.205315E+00 	 0.237020E+02 	 0.730726E-01 	 0.425130E+00 	 0.274053E-01  	 -0.125880E+01 	 0.224632E+00  	  0.123950E+02   	   0.486501E+01   	17.82     	1
115	0.219080E+02 	 0.705819E+00 	 0.240410E+02 	 0.219179E+00 	 0.549060E+00 	 0.373237E-01  	 0.144090E+01 	 0.103944E+01  	  0.208230E+02   	   0.879644E+01   	31.12     	1
116	0.196230E+02 	 0.474397E+00 	 0.221760E+02 	 0.150127E+00 	 0.366300E+00 	 0.207925E-01  	 -0.185180E+01 	 0.107339E+01  	  0.155070E+02   	   0.279023E+01   	37.51     	1
117	0.196470E+02 	 0.337379E+00 	 0.208450E+02 	 0.104201E+00 	 0.164750E+00 	 0.220359E-01  	 -0.225890E+01 	 0.711575E+00  	  0.230730E+01   	   0.611548E+00   	10.37     	1
118	0.208210E+02 	 0.473851E+00 	 0.209620E+02 	 0.146720E+00 	 0.880850E-01 	 0.286159E-01  	 -0.555510E+00 	 0.868245E+00  	  0.166400E+01   	   0.449670E+00   	15.40     	1
119	0.180060E+02 	 0.355612E+00 	 0.195770E+02 	 0.176739E+00 	 0.219720E+00 	 0.131785E-01  	 -0.164610E+01 	 0.108992E+01  	  0.101660E+02   	   0.145119E+01   	43.06     	1
120	0.196030E+02 	 0.389485E+00 	 0.207420E+02 	 0.121340E+00 	 0.928000E-01 	 0.243580E-01  	 -0.221940E+01 	 0.882645E+00  	  0.248930E+01   	   0.587418E+00   	24.54     	1
121	0.202380E+02 	 0.150858E+00 	 0.237640E+02 	 0.382891E-01 	 0.247280E+00 	 0.202040E-01  	 -0.211890E+01 	 0.178301E+00  	  0.849580E+01   	   0.235515E+01   	34.07     	2
122	0.199440E+02 	 0.239217E+00 	 0.203480E+02 	 0.773354E-01 	 0.163490E-01 	 0.207436E-01  	 -0.225930E+01 	 0.321263E+00  	  0.567440E+00   	   0.244348E+00   	21.45     	1
123	0.195810E+02 	 0.417579E+00 	 0.216180E+02 	 0.198972E+00 	 0.494150E+00 	 0.165112E-01  	 -0.526720E+00 	 0.106788E+01  	  0.171550E+02   	   0.319050E+01   	34.39     	1
124	0.196740E+02 	 0.415414E+00 	 0.203710E+02 	 0.129663E+00 	 0.148170E+00 	 0.228282E-01  	 -0.205330E+01 	 0.104758E+01  	  0.183440E+01   	   0.428590E+00   	14.06     	1
125	0.196130E+02 	 0.972985E-01 	 0.241710E+02 	 0.542648E-01 	 0.575330E+00 	 0.115499E-01  	 -0.214090E+01 	 0.971142E-01  	  0.845170E+02   	   0.141053E+02   	16.72     	2
126	0.205960E+02 	 0.491573E+00 	 0.217260E+02 	 0.173290E+00 	 0.232890E+00 	 0.220684E-01  	 0.703410E+00 	 0.107138E+01  	  0.774090E+01   	   0.176275E+01   	35.15     	1
127	0.182480E+02 	 0.262191E+00 	 0.208060E+02 	 0.126524E+00 	 0.133360E+00 	 0.834576E-02  	 -0.215100E+01 	 0.116027E+01  	  0.244600E+02   	   0.241996E+01   	30.91     	1
128	0.208950E+02 	 0.426492E+00 	 0.218630E+02 	 0.106988E+00 	 0.219800E+00 	 0.475024E-01  	 -0.113980E+01 	 0.479122E+00  	  0.159450E+01   	   0.697154E+00   	9.94      	2
129	0.199300E+02 	 0.808540E-01 	 0.206170E+02 	 0.359952E-01 	 0.682500E-02 	 0.140101E-01  	 -0.211870E+01 	 0.122851E+00  	  0.109360E+01   	   0.247061E+00   	65.30     	2
130	0.195870E+02 	 0.475701E+00 	 0.219210E+02 	 0.232266E+00 	 0.339050E+00 	 0.192306E-01  	 0.143780E+01 	 0.107524E+01  	  0.267920E+02   	   0.568944E+01   	12.89     	1
131	0.198450E+02 	 0.273592E+00 	 0.209300E+02 	 0.855573E-01 	 0.113640E+00 	 0.278418E-01  	 -0.212810E+01 	 0.296926E+00  	  0.187810E+01   	   0.444385E+00   	17.76     	2
132	0.202520E+02 	 0.306284E+00 	 0.253910E+02 	 0.879558E-01 	 0.304550E+00 	 0.262839E-01  	 -0.178120E+01 	 0.490201E+00  	  0.983900E+02   	   0.264220E+02   	28.33     	1
133	0.201990E+02 	 0.381364E+00 	 0.214920E+02 	 0.115845E+00 	 0.980730E-01 	 0.293730E-01  	 -0.182810E+01 	 0.458751E+00  	  0.211270E+01   	   0.725310E+00   	19.73     	2
134	0.213040E+02 	 0.497317E+00 	 0.237860E+02 	 0.159211E+00 	 0.283410E+00 	 0.472733E-01  	 -0.487480E+00 	 0.556427E+00  	  0.114510E+02   	   0.411656E+01   	26.54     	2
135	0.187910E+02 	 0.286083E+00 	 0.215340E+02 	 0.120868E+00 	 0.276540E+00 	 0.973726E-02  	 -0.213640E+01 	 0.101220E+01  	  0.256420E+02   	   0.263444E+01   	41.61     	1
136	0.194560E+02 	 0.327861E+00 	 0.219720E+02 	 0.901846E-01 	 0.313240E+00 	 0.144100E-01  	 -0.217390E+01 	 0.738240E+00  	  0.126470E+02   	   0.184656E+01   	34.22     	1
137	0.195340E+02 	 0.275340E+00 	 0.209570E+02 	 0.116840E+00 	 0.149340E+00 	 0.227917E-01  	 -0.226490E+01 	 0.820777E+00  	  0.339710E+01   	   0.916917E+00   	33.52     	1
138	0.185930E+02 	 0.420885E+00 	 0.197980E+02 	 0.209291E+00 	 0.258350E+00 	 0.170317E-01  	 -0.221910E+01 	 0.114968E+01  	  0.567250E+01   	   0.990615E+00   	25.10     	1
139	0.209450E+02 	 0.520912E+00 	 0.238730E+02 	 0.178634E+00 	 0.194820E+00 	 0.387399E-01  	 -0.814010E+00 	 0.702571E+00  	  0.179440E+02   	   0.847091E+01   	28.06     	1
140	0.212960E+02 	 0.175206E+00 	 0.241630E+02 	 0.790231E-01 	 0.179750E+00 	 0.216937E-01  	 -0.135130E+01 	 0.405283E+00  	  0.149280E+01   	   0.114686E+01   	9.67      	1
141	0.204230E+02 	 0.452314E+00 	 0.216680E+02 	 0.195892E+00 	 0.285850E+00 	 0.229880E-01  	 0.129280E+01 	 0.877535E+00  	  0.925860E+01   	   0.217563E+01   	28.44     	1
142	0.186060E+02 	 0.319856E+00 	 0.211570E+02 	 0.139298E+00 	 0.274190E+00 	 0.103725E-01  	 -0.212980E+01 	 0.111341E+01  	  0.226000E+02   	   0.240514E+01   	72.72     	1
143	0.196390E+02 	 0.197439E+00 	 0.206060E+02 	 0.647959E-01 	 0.937570E-01 	 0.195118E-01  	 -0.212570E+01 	 0.289240E+00  	  0.230530E+01   	   0.401293E+00   	12.07     	2
144	0.196940E+02 	 0.384347E+00 	 0.209960E+02 	 0.111770E+00 	 0.200940E+00 	 0.201831E-01  	 -0.203670E+01 	 0.866854E+00  	  0.335450E+01   	   0.670121E+00   	14.54     	1
145	0.209450E+02 	 0.574020E+00 	 0.216840E+02 	 0.168991E+00 	 0.200270E+00 	 0.328505E-01  	 -0.549850E+00 	 0.939368E+00  	  0.275010E+01   	   0.954322E+00   	33.09     	2
146	0.193570E+02 	 0.394149E+00 	 0.215730E+02 	 0.119245E+00 	 0.194560E+00 	 0.145876E-01  	 -0.223920E+01 	 0.108137E+01  	  0.959940E+01   	   0.150698E+01   	10.14     	1
147	0.199510E+02 	 0.108780E+00 	 0.209180E+02 	 0.550111E-01 	 0.663050E-01 	 0.178070E-01  	 -0.170630E+01 	 0.124358E+00  	  0.271350E+01   	   0.473730E+00   	12.43     	2
148	0.200040E+02 	 0.474757E+00 	 0.233890E+02 	 0.121007E+00 	 0.355990E+00 	 0.145090E-01  	 -0.105760E+01 	 0.119892E+01  	  0.494640E+02   	   0.742541E+01   	38.50     	1
149	0.197040E+02 	 0.343571E+00 	 0.221340E+02 	 0.134074E+00 	 0.390130E+00 	 0.208298E-01  	 -0.177450E+01 	 0.104000E+01  	  0.138420E+02   	   0.261110E+01   	82.87     	1
150	0.199410E+02 	 0.121080E+00 	 0.215810E+02 	 0.416307E-01 	 0.136470E+00 	 0.207910E-01  	 -0.212340E+01 	 0.145120E+00  	  0.274730E+01   	   0.691572E+00   	27.61     	2
151	0.194620E+02 	 0.238899E+00 	 0.217980E+02 	 0.709748E-01 	 0.150010E+00 	 0.138223E-01  	 -0.212280E+01 	 0.515088E+00  	  0.111690E+02   	   0.153167E+01   	19.03     	1
152	0.199750E+02 	 0.163254E+00 	 0.250410E+02 	 0.984881E-01 	 0.376540E+00 	 0.323161E-01  	 -0.213100E+01 	 0.281917E+00  	  0.770220E+02   	   0.279604E+02   	52.93     	2
153	0.206900E+02 	 0.429044E-01 	 0.243870E+02 	 0.186828E-01 	 0.203690E+00 	 0.103747E-01  	 -0.230140E+01 	 0.273263E-01  	  0.383000E+00   	   0.497921E+00   	38.40     	2
154	0.195990E+02 	 0.417962E+00 	 0.210660E+02 	 0.114383E+00 	 0.310950E+00 	 0.230315E-01  	 -0.213170E+01 	 0.651068E+00  	  0.396850E+01   	   0.654525E+00   	13.82     	1
155	0.198680E+02 	 0.144224E+00 	 0.213340E+02 	 0.506106E-01 	 0.166150E+00 	 0.206325E-01  	 -0.212130E+01 	 0.158070E+00  	  0.266780E+01   	   0.584802E+00   	20.04     	1
156	0.195300E+02 	 0.547687E+00 	 0.200080E+02 	 0.273168E+00 	 0.190990E+00 	 0.239857E-01  	 0.130850E+01 	 0.949944E+00  	  0.416320E+01   	   0.128500E+01   	14.48     	1
157	0.199030E+02 	 0.588838E-01 	 0.218590E+02 	 0.251882E-01 	 0.113660E+00 	 0.144491E-01  	 -0.212300E+01 	 0.565084E-01  	  0.406240E+01   	   0.873753E+00   	15.10     	1
158	0.196570E+02 	 0.206268E+00 	 0.223960E+02 	 0.693964E-01 	 0.201170E+00 	 0.139945E-01  	 -0.193810E+01 	 0.452297E+00  	  0.167370E+02   	   0.234612E+01   	20.18     	1
159	0.198830E+02 	 0.155547E+00 	 0.209160E+02 	 0.471682E-01 	 0.817030E-01 	 0.195963E-01  	 -0.213220E+01 	 0.191836E+00  	  0.164670E+01   	   0.347341E+00   	35.08     	2
160	0.191990E+02 	 0.348411E+00 	 0.228660E+02 	 0.108933E+00 	 0.669210E+00 	 0.115590E-01  	 -0.220790E+01 	 0.114710E+01  	  0.488940E+02   	   0.597016E+01   	58.90     	1
161	0.195970E+02 	 0.339031E+00 	 0.209710E+02 	 0.917926E-01 	 0.576910E-01 	 0.173648E-01  	 -0.219290E+01 	 0.631336E+00  	  0.331330E+01   	   0.595537E+00   	17.25     	2
162	0.202740E+02 	 0.446109E+00 	 0.232580E+02 	 0.122551E+00 	 0.262620E+00 	 0.178406E-01  	 -0.109420E+01 	 0.699616E+00  	  0.277630E+02   	   0.465274E+01   	9.70      	2
163	0.196470E+02 	 0.388720E+00 	 0.204830E+02 	 0.112873E+00 	 0.149580E+00 	 0.264242E-01  	 -0.222870E+01 	 0.794122E+00  	  0.169310E+01   	   0.429664E+00   	7.81      	1
164	0.181840E+02 	 0.408259E+00 	 0.203060E+02 	 0.204506E+00 	 0.408660E+00 	 0.155373E-01  	 -0.216420E+01 	 0.117272E+01  	  0.159260E+02   	   0.235711E+01   	47.97     	1
165	0.195990E+02 	 0.159438E+00 	 0.219430E+02 	 0.542358E-01 	 0.106530E+00 	 0.128992E-01  	 -0.214890E+01 	 0.246133E+00  	  0.929750E+01   	   0.158061E+01   	32.36     	1
166	0.196270E+02 	 0.280964E+00 	 0.228330E+02 	 0.800613E-01 	 0.310420E+00 	 0.146585E-01  	 -0.214570E+01 	 0.430303E+00  	  0.213390E+02   	   0.346119E+01   	26.38     	1
167	0.207420E+02 	 0.130703E+00 	 0.216840E+02 	 0.346784E-01 	 0.777390E-01 	 0.310013E-01  	 -0.208610E+01 	 0.180661E+00  	  0.758640E-01   	   0.171762E+00   	95.67     	1
168	0.215750E+02 	 0.698370E+00 	 0.207820E+02 	 0.295152E+00 	 0.577020E-01 	 0.439667E-01  	 0.159240E+01 	 0.774678E+00  	  0.120510E+01   	   0.720447E+00   	13.03     	1
169	0.200010E+02 	 0.606099E-01 	 0.242830E+02 	 0.280268E-01 	 0.649600E+00 	 0.109432E-01  	 -0.211930E+01 	 0.343177E-01  	  0.341250E+02   	   0.623606E+01   	111.48    	2
170	0.194080E+02 	 0.436107E+00 	 0.207550E+02 	 0.115760E+00 	 0.103880E+00 	 0.164036E-01  	 -0.215470E+01 	 0.110680E+01  	  0.422760E+01   	   0.623249E+00   	5.58      	1
171	0.195700E+02 	 0.177677E+00 	 0.213250E+02 	 0.597462E-01 	 0.714610E-01 	 0.155839E-01  	 -0.212260E+01 	 0.294732E+00  	  0.554860E+01   	   0.877168E+00   	12.52     	1
172	0.197580E+02 	 0.177171E+00 	 0.209090E+02 	 0.604192E-01 	 0.433780E-01 	 0.179605E-01  	 -0.212610E+01 	 0.228763E+00  	  0.233270E+01   	   0.460918E+00   	23.50     	1
173	0.197870E+02 	 0.222082E+00 	 0.217730E+02 	 0.713999E-01 	 0.196900E+00 	 0.157358E-01  	 -0.226550E+01 	 0.284856E+00  	  0.388820E+01   	   0.112180E+01   	21.35     	2
174	0.196160E+02 	 0.158733E+00 	 0.236220E+02 	 0.470494E-01 	 0.461590E+00 	 0.991987E-02  	 -0.213020E+01 	 0.266076E+00  	  0.493210E+02   	   0.738484E+01   	74.34     	1
175	0.182430E+02 	 0.333547E+00 	 0.209270E+02 	 0.165985E+00 	 0.284960E+00 	 0.115877E-01  	 -0.151920E+01 	 0.110574E+01  	  0.311330E+02   	   0.409818E+01   	37.00     	1
176	0.181670E+02 	 0.151811E+00 	 0.208790E+02 	 0.764121E-01 	 0.256130E+00 	 0.724774E-02  	 -0.212420E+01 	 0.798953E+00  	  0.291110E+02   	   0.212706E+01   	89.46     	1
177	0.198340E+02 	 0.509284E+00 	 0.218590E+02 	 0.132623E+00 	 0.226300E+00 	 0.185270E-01  	 -0.187690E+01 	 0.104152E+01  	  0.713200E+01   	   0.149991E+01   	7.37      	2
178	0.196310E+02 	 0.235786E+00 	 0.229000E+02 	 0.785756E-01 	 0.443140E+00 	 0.142579E-01  	 -0.219590E+01 	 0.339935E+00  	  0.208830E+02   	   0.382885E+01   	35.92     	1
179	0.199030E+02 	 0.249022E+00 	 0.221370E+02 	 0.836854E-01 	 0.213420E+00 	 0.189713E-01  	 -0.199420E+01 	 0.336491E+00  	  0.675690E+01   	   0.161241E+01   	26.13     	1
180	0.199910E+02 	 0.309830E+00 	 0.210380E+02 	 0.840045E-01 	 0.146490E+00 	 0.327626E-01  	 -0.219440E+01 	 0.382295E+00  	  0.114080E+01   	   0.330681E+00   	29.86     	2
181	0.198710E+02 	 0.164350E+00 	 0.226440E+02 	 0.454737E-01 	 0.247150E+00 	 0.174676E-01  	 -0.212060E+01 	 0.302494E+00  	  0.982300E+01   	   0.196276E+01   	23.08     	1
182	0.183320E+02 	 0.221625E+00 	 0.223630E+02 	 0.110285E+00 	 0.440240E+00 	 0.702933E-02  	 -0.212240E+01 	 0.828760E+00  	  0.106080E+03   	   0.912632E+01   	84.29     	1
183	0.199000E+02 	 0.312890E+00 	 0.218670E+02 	 0.963329E-01 	 0.266180E+00 	 0.191014E-01  	 -0.207150E+01 	 0.452270E+00  	  0.450550E+01   	   0.128483E+01   	18.76     	1
184	0.196810E+02 	 0.110802E+00 	 0.216790E+02 	 0.750628E-01 	 0.999160E-01 	 0.240931E-01  	 -0.211850E+01 	 0.262857E+00  	  0.617040E+01   	   0.116546E+01   	97.44     	1
185	0.195690E+02 	 0.437288E+00 	 0.209310E+02 	 0.124793E+00 	 0.117980E+00 	 0.204315E-01  	 -0.221320E+01 	 0.949838E+00  	  0.329600E+01   	   0.654864E+00   	22.02     	1
NA    NA      NA     NA     NA      NA     NA     NA    NA    NA   NA   NA   3
 187	0.206120E+02 	 0.123227E+00 	 0.236640E+02 	 0.276233E-01 	 0.207650E+00 	 0.249700E-01  	 -0.217440E+01 	 0.547749E-01  	  0.801760E+00   	   0.762362E+00   	33.70     	1
188	0.199690E+02 	 0.450412E+00 	 0.241670E+02 	 0.122704E+00 	 0.451890E+00 	 0.520141E-01  	 -0.219610E+01 	 0.568201E+00  	  0.279350E+02   	   0.837146E+01   	53.68     	2
189	0.198700E+02 	 0.489415E-01 	 0.245370E+02 	 0.259548E-01 	 0.457510E+00 	 0.101574E-01  	 -0.211880E+01 	 0.540314E-01  	  0.657540E+02   	   0.124129E+02   	34.07     	1
190	0.192990E+02 	 0.315081E+00 	 0.234260E+02 	 0.870759E-01 	 0.267500E+00 	 0.119269E-01  	 -0.212500E+01 	 0.794558E+00  	  0.773580E+02   	   0.893029E+01   	30.08     	1
191	0.202820E+02 	 0.375219E+00 	 0.243210E+02 	 0.749361E-01 	 0.209160E+00 	 0.716024E-01  	 -0.212040E+01 	 0.508404E+00  	  0.121960E+02   	   0.720938E+01   	21.61     	2
192	0.196500E+02 	 0.376739E+00 	 0.220320E+02 	 0.181191E+00 	 0.308110E+00 	 0.170676E-01  	 -0.978870E+00 	 0.101892E+01  	  0.213970E+02   	   0.418989E+01   	31.12     	1
193	0.199540E+02 	 0.235851E+00 	 0.220480E+02 	 0.729194E-01 	 0.252120E+00 	 0.220277E-01  	 -0.228690E+01 	 0.275717E+00  	  0.277460E+01   	   0.121094E+01   	10.63     	1
194	0.196190E+02 	 0.397255E+00 	 0.219710E+02 	 0.106597E+00 	 0.253830E+00 	 0.162391E-01  	 -0.208020E+01 	 0.103811E+01  	  0.989980E+01   	   0.192437E+01   	18.88     	1
195	0.199850E+02 	 0.149350E+00 	 0.206900E+02 	 0.682865E-01 	 0.527800E-02 	 0.302430E-01  	 -0.213780E+01 	 0.229414E+00  	  0.946630E+00   	   0.347066E+00   	43.44     	1
196	0.209400E+02 	 0.247641E+00 	 0.224830E+02 	 0.340679E-01 	 0.167550E+00 	 0.412644E-01  	 -0.188210E+01 	 0.366755E+00  	  0.146180E+00   	   0.454729E+00   	19.18     	2
197	0.196660E+02 	 0.216612E+00 	 0.206330E+02 	 0.678023E-01 	 0.152880E+00 	 0.224179E-01  	 -0.212340E+01 	 0.288639E+00  	  0.223360E+01   	   0.381835E+00   	25.50     	2
198	0.200280E+02 	 0.141585E+00 	 0.218770E+02 	 0.467342E-01 	 0.338630E+00 	 0.211606E-01  	 -0.212600E+01 	 0.146910E+00  	  0.277050E+01   	   0.673140E+00   	23.86     	1
199	0.210560E+02 	 0.149798E+00 	 0.232020E+02 	 0.593717E-01 	 0.204980E+00 	 0.257850E-01  	 -0.203630E+01 	 0.312503E+00  	  0.372540E-01   	   0.372347E+00   	10.03     	1
200	0.196600E+02 	 0.178662E+00 	 0.209880E+02 	 0.582019E-01 	 0.105190E+00 	 0.172286E-01  	 -0.212370E+01 	 0.229010E+00  	  0.322970E+01   	   0.542595E+00   	6.59      	2
201	0.199260E+02 	 0.185725E+00 	 0.210650E+02 	 0.582550E-01 	 0.133600E+00 	 0.210691E-01  	 -0.225800E+01 	 0.238995E+00  	  0.124320E+01   	   0.481409E+00   	7.80      	1
202	0.200050E+02 	 0.404570E+00 	 0.239600E+02 	 0.120517E+00 	 0.607390E+00 	 0.172432E-01  	 -0.142970E+01 	 0.998842E+00  	  0.673150E+02   	   0.112217E+02   	38.86     	1
203	0.198470E+02 	 0.145799E+00 	 0.228840E+02 	 0.409203E-01 	 0.350360E+00 	 0.154911E-01  	 -0.211960E+01 	 0.204345E+00  	  0.134060E+02   	   0.251398E+01   	36.14     	1
204	0.205190E+02 	 0.378232E+00 	 0.212470E+02 	 0.116415E+00 	 0.743870E-01 	 0.302763E-01  	 -0.114380E+01 	 0.635674E+00  	  0.219740E+01   	   0.569640E+00   	6.32      	1
205	0.196740E+02 	 0.374672E+00 	 0.211400E+02 	 0.181756E+00 	 0.199880E+00 	 0.170731E-01  	 0.610810E+00 	 0.104302E+01  	  0.109240E+02   	   0.203986E+01   	23.32     	1
206	0.224080E+02 	 0.198339E+00 	 0.238010E+02 	 0.985500E-01 	 0.384550E+00 	 0.194093E-01  	 0.160930E+01 	 0.299449E+00  	  0.924160E+01   	   0.157801E+01   	28.73     	1
207	0.208320E+02 	 0.418097E+00 	 0.216680E+02 	 0.131411E+00 	 0.187040E+00 	 0.308994E-01  	 -0.481910E+00 	 0.870311E+00  	  0.352610E+01   	   0.852351E+00   	14.05     	1
208	0.194840E+02 	 0.375584E+00 	 0.224350E+02 	 0.103023E+00 	 0.207480E+00 	 0.158724E-01  	 -0.216280E+01 	 0.826403E+00  	  0.192270E+02   	   0.280750E+01   	50.24     	1
209	0.195970E+02 	 0.297385E+00 	 0.230830E+02 	 0.850240E-01 	 0.222750E+00 	 0.161947E-01  	 -0.221210E+01 	 0.611199E+00  	  0.265340E+02   	   0.496877E+01   	25.22     	2
210	0.210590E+02 	 0.172764E+00 	 0.260680E+02 	 0.402198E-01 	 0.165110E+00 	 0.627917E-01  	 -0.230120E+01 	 0.692121E-01  	  0.416740E-01   	   0.178646E+02   	35.52     	1
211	0.176330E+02 	 0.988192E+00 	 0.198910E+02 	 0.502641E+00 	 0.218080E+00 	 0.401742E-01  	 0.124730E+01 	 0.107089E+01  	  0.218420E+02   	   0.664274E+01   	41.61     	1
212	0.212570E+02 	 0.202440E+00 	 0.249500E+02 	 0.678716E-01 	 0.145230E+00 	 0.311156E-01  	 -0.190090E+01 	 0.314770E+00  	  0.980390E-01   	   0.162017E+01   	22.10     	2
213	0.196410E+02 	 0.195286E+00 	 0.215500E+02 	 0.691555E-01 	 0.164970E+00 	 0.172344E-01  	 -0.212360E+01 	 0.287452E+00  	  0.590970E+01   	   0.943730E+00   	36.19     	2
214	0.188210E+02 	 0.331372E+00 	 0.213140E+02 	 0.144214E+00 	 0.154390E+00 	 0.124556E-01  	 -0.213070E+01 	 0.112165E+01  	  0.198080E+02   	   0.239704E+01   	34.44     	1
215	0.196360E+02 	 0.187210E+00 	 0.219920E+02 	 0.618606E-01 	 0.114400E+00 	 0.151219E-01  	 -0.212800E+01 	 0.287886E+00  	  0.925510E+01   	   0.156011E+01   	32.02     	1
216	0.210690E+02 	 0.987129E-01 	 0.239970E+02 	 0.419791E-01 	 0.132310E+00 	 0.204156E-01  	 -0.229270E+01 	 0.129877E+00  	  0.511570E-02   	   0.899688E-01   	33.98     	1
217	0.210670E+02 	 0.663739E-01 	 0.236930E+02 	 0.250668E-01 	 0.377650E-01 	 0.195844E-01  	 -0.229930E+01 	 0.231942E-01  	  0.360560E-02   	   0.212617E-01   	22.82     	2
218	0.196350E+02 	 0.278132E+00 	 0.230400E+02 	 0.828368E-01 	 0.343610E+00 	 0.160905E-01  	 -0.228980E+01 	 0.559882E+00  	  0.202280E+02   	   0.476513E+01   	38.29     	1
219	0.192360E+02 	 0.400821E+00 	 0.202500E+02 	 0.199566E+00 	 0.219760E+00 	 0.198825E-01  	 -0.223400E+01 	 0.114980E+01  	  0.325840E+01   	   0.830942E+00   	34.55     	1
220	0.199340E+02 	 0.156170E+00 	 0.248380E+02 	 0.472691E-01 	 0.440590E+00 	 0.169893E-01  	 -0.212170E+01 	 0.237308E+00  	  0.729840E+02   	   0.156477E+02   	51.99     	1
221	0.196970E+02 	 0.238754E+00 	 0.237260E+02 	 0.749265E-01 	 0.296790E+00 	 0.165545E-01  	 -0.214980E+01 	 0.376292E+00  	  0.436910E+02   	   0.815587E+01   	16.29     	1
222	0.196510E+02 	 0.134718E+00 	 0.205110E+02 	 0.609865E-01 	 0.117550E-02 	 0.214244E-01  	 -0.212220E+01 	 0.390285E+00  	  0.204720E+01   	   0.418494E+00   	44.23     	1
223	0.199530E+02 	 0.703884E-01 	 0.219890E+02 	 0.347511E-01 	 0.162630E+00 	 0.143934E-01  	 -0.192150E+01 	 0.589376E-01  	  0.581870E+01   	   0.116953E+01   	25.06     	1
224	0.197520E+02 	 0.308476E+00 	 0.208380E+02 	 0.923070E-01 	 0.124360E+00 	 0.217631E-01  	 -0.227190E+01 	 0.500539E+00  	  0.166970E+01   	   0.498448E+00   	16.49     	1
225	0.197450E+02 	 0.377508E+00 	 0.203810E+02 	 0.150045E+00 	 0.106180E+00 	 0.216197E-01  	 -0.188490E+01 	 0.108604E+01  	  0.195130E+01   	   0.532883E+00   	11.77     	1
226	0.204810E+02 	 0.476175E+00 	 0.213920E+02 	 0.141657E+00 	 0.165200E+00 	 0.228876E-01  	 -0.748190E+00 	 0.979666E+00  	  0.391730E+01   	   0.805139E+00   	12.73     	1
227	0.196760E+02 	 0.229065E+00 	 0.205270E+02 	 0.100554E+00 	 0.653540E-01 	 0.299144E-01  	 -0.212610E+01 	 0.570086E+00  	  0.194980E+01   	   0.517044E+00   	30.34     	1
228	0.200700E+02 	 0.156519E+00 	 0.220500E+02 	 0.465274E-01 	 0.300050E+00 	 0.210541E-01  	 -0.219550E+01 	 0.164370E+00  	  0.234970E+01   	   0.837006E+00   	8.45      	2
229	0.202760E+02 	 0.339298E+00 	 0.233310E+02 	 0.899771E-01 	 0.400740E+00 	 0.335001E-01  	 -0.210270E+01 	 0.403340E+00  	  0.488440E+01   	   0.351098E+01   	31.59     	2
230	0.199700E+02 	 0.825206E-01 	 0.233720E+02 	 0.332682E-01 	 0.349830E+00 	 0.138046E-01  	 -0.212290E+01 	 0.455951E-01  	  0.150660E+02   	   0.328351E+01   	65.57     	1
231	0.197850E+02 	 0.162097E+00 	 0.213920E+02 	 0.515865E-01 	 0.212500E+00 	 0.164304E-01  	 -0.212670E+01 	 0.211802E+00  	  0.352100E+01   	   0.680606E+00   	21.23     	1
232	0.202630E+02 	 0.722463E-01 	 0.230470E+02 	 0.261977E-01 	 0.326990E+00 	 0.160228E-01  	 -0.211830E+01 	 0.874524E-01  	  0.373570E+01   	   0.116061E+01   	127.56    	1
233	0.217160E+02 	 0.475178E+00 	 0.245690E+02 	 0.188749E+00 	 0.435750E+00 	 0.286441E-01  	 0.159930E+01 	 0.596231E+00  	  0.456440E+02   	   0.150648E+02   	74.23     	1
234	0.196580E+02 	 0.247449E+00 	 0.220130E+02 	 0.732809E-01 	 0.203930E+00 	 0.174965E-01  	 -0.214190E+01 	 0.377657E+00  	  0.877230E+01   	   0.154085E+01   	9.56      	1
235	0.212620E+02 	 0.118792E+00 	 0.231580E+02 	 0.633006E-01 	 0.114690E+00 	 0.184180E-01  	 -0.132690E+01 	 0.251254E+00  	  0.739270E+00   	   0.160687E+00   	18.96     	1
236	0.198550E+02 	 0.225495E+00 	 0.211180E+02 	 0.726262E-01 	 0.164860E+00 	 0.240841E-01  	 -0.212360E+01 	 0.260871E+00  	  0.222400E+01   	   0.489543E+00   	13.50     	1
237	0.208940E+02 	 0.498948E+00 	 0.209030E+02 	 0.160772E+00 	 0.807910E-01 	 0.292489E-01  	 -0.385410E+00 	 0.915523E+00  	  0.157750E+01   	   0.457777E+00   	16.19     	1
238	0.206250E+02 	 0.549575E+00 	 0.226670E+02 	 0.145055E+00 	 0.207170E+00 	 0.203129E-01  	 -0.641990E+00 	 0.105629E+01  	  0.118820E+02   	   0.273900E+01   	16.42     	1
239	0.200980E+02 	 0.641018E+00 	 0.206490E+02 	 0.277909E+00 	 0.220890E+00 	 0.321911E-01  	 0.151360E+01 	 0.103986E+01  	  0.463550E+01   	   0.144194E+01   	16.81     	1
240	0.202990E+02 	 0.187902E+00 	 0.210890E+02 	 0.632644E-01 	 0.120960E+00 	 0.320850E-01  	 -0.183260E+01 	 0.192461E+00  	  0.102160E+01   	   0.451568E+00   	21.56     	1
241	0.195570E+02 	 0.408216E+00 	 0.232020E+02 	 0.121522E+00 	 0.413610E+00 	 0.199439E-01  	 -0.212330E+01 	 0.591505E+00  	  0.373020E+02   	   0.551267E+01   	22.96     	1
242	0.198990E+02 	 0.284116E+00 	 0.238930E+02 	 0.986581E-01 	 0.754160E+00 	 0.214523E-01  	 -0.211920E+01 	 0.389543E+00  	  0.316930E+02   	   0.823051E+01   	25.38     	1
243	0.194930E+02 	 0.386555E+00 	 0.226580E+02 	 0.103645E+00 	 0.309580E+00 	 0.141611E-01  	 -0.225050E+01 	 0.974235E+00  	  0.208990E+02   	   0.352933E+01   	27.96     	1
244	0.195150E+02 	 0.300441E+00 	 0.210350E+02 	 0.100695E+00 	 0.569570E-01 	 0.179418E-01  	 -0.213240E+01 	 0.652147E+00  	  0.461520E+01   	   0.779234E+00   	31.64     	2
245	0.194410E+02 	 0.355184E+00 	 0.225990E+02 	 0.139939E+00 	 0.277010E+00 	 0.134833E-01  	 -0.168480E+01 	 0.108253E+01  	  0.364170E+02   	   0.557275E+01   	18.81     	1
246	0.197260E+02 	 0.247596E+00 	 0.218280E+02 	 0.763226E-01 	 0.176320E+00 	 0.187761E-01  	 -0.213100E+01 	 0.321306E+00  	  0.629330E+01   	   0.114847E+01   	9.84      	1
247	0.196610E+02 	 0.686982E-01 	 0.221640E+02 	 0.389185E-01 	 0.160840E+00 	 0.120468E-01  	 -0.211910E+01 	 0.546517E-01  	  0.105090E+02   	   0.162949E+01   	24.62     	1
248	0.196780E+02 	 0.144092E+00 	 0.217050E+02 	 0.569173E-01 	 0.148190E+00 	 0.143339E-01  	 -0.214420E+01 	 0.174203E+00  	  0.612720E+01   	   0.106767E+01   	16.60     	1
249	0.202660E+02 	 0.433223E+00 	 0.219320E+02 	 0.125585E+00 	 0.191120E+00 	 0.202802E-01  	 -0.128390E+01 	 0.936101E+00  	  0.618650E+01   	   0.135083E+01   	20.79     	1
250	0.198790E+02 	 0.420411E+00 	 0.237710E+02 	 0.123891E+00 	 0.449540E+00 	 0.274316E-01  	 -0.191250E+01 	 0.534633E+00  	  0.420290E+02   	   0.674026E+01   	56.83     	2
251	0.196570E+02 	 0.300642E+00 	 0.207990E+02 	 0.106107E+00 	 0.839300E-01 	 0.268336E-01  	 -0.214430E+01 	 0.438474E+00  	  0.260510E+01   	   0.560536E+00   	9.38      	1
252	0.206850E+02 	 0.344367E+00 	 0.207620E+02 	 0.107504E+00 	 0.439960E-02 	 0.255377E-01  	 -0.108360E+01 	 0.425144E+00  	  0.101600E+01   	   0.292819E+00   	14.48     	2
253	0.196630E+02 	 0.299617E+00 	 0.233710E+02 	 0.932721E-01 	 0.409920E+00 	 0.178664E-01  	 -0.217390E+01 	 0.402954E+00  	  0.320750E+02   	   0.588987E+01   	14.50     	1
254	0.211990E+02 	 0.743058E+00 	 0.218160E+02 	 0.230842E+00 	 0.224920E+00 	 0.395120E-01  	 -0.885270E-01 	 0.111702E+01  	  0.297340E+01   	   0.115124E+01   	19.80     	2
255	0.209950E+02 	 0.345282E+00 	 0.211110E+02 	 0.104284E+00 	 0.101150E+00 	 0.492075E-01  	 -0.966680E+00 	 0.370383E+00  	  0.786460E+00   	   0.402779E+00   	11.14     	1
256	0.196400E+02 	 0.354986E+00 	 0.212680E+02 	 0.109904E+00 	 0.253170E+00 	 0.233073E-01  	 -0.218350E+01 	 0.583228E+00  	  0.407520E+01   	   0.853847E+00   	44.19     	1
257	0.196600E+02 	 0.127231E+00 	 0.204040E+02 	 0.559300E-01 	 0.488180E-01 	 0.184928E-01  	 -0.212020E+01 	 0.147014E+00  	  0.180940E+01   	   0.320299E+00   	14.05     	1
258	0.189750E+02 	 0.725842E+00 	 0.217430E+02 	 0.284614E+00 	 0.480430E+00 	 0.353217E-01  	 -0.213040E+01 	 0.123933E+01  	  0.243200E+02   	   0.471115E+01   	63.13     	1
259	0.186850E+02 	 0.350869E+00 	 0.212430E+02 	 0.166861E+00 	 0.139690E+00 	 0.118415E-01  	 -0.212090E+01 	 0.117024E+01  	  0.222850E+02   	   0.300144E+01   	23.14     	1
260	0.200620E+02 	 0.729342E-01 	 0.238310E+02 	 0.296875E-01 	 0.410500E+00 	 0.141298E-01  	 -0.211880E+01 	 0.344520E-01  	  0.177620E+02   	   0.406617E+01   	69.16     	1
261	0.211090E+02 	 0.301842E+00 	 0.242170E+02 	 0.669875E-01 	 0.122010E+00 	 0.110758E+00  	 -0.199780E+01 	 0.178626E+00  	  0.859290E-01   	   0.718262E+01   	15.36     	1
262	0.211130E+02 	 0.135999E+00 	 0.233740E+02 	 0.819260E-01 	 0.117650E+00 	 0.181297E-01  	 -0.225290E+01 	 0.252264E+00  	  0.251100E-02   	   0.206520E+00   	18.19     	1
263	0.213300E+02 	 0.146778E+00 	 0.248670E+02 	 0.764925E-01 	 0.118330E+00 	 0.211758E-01  	 -0.160130E+01 	 0.206556E+00  	  0.544140E+00   	   0.261083E+00   	16.27     	2
264	0.213660E+02 	 0.727594E+00 	 0.215760E+02 	 0.220501E+00 	 0.178340E+00 	 0.303393E-01  	 0.158990E+01 	 0.125927E+01  	  0.332870E+01   	   0.118756E+01   	25.04     	2
265	0.200120E+02 	 0.140966E+00 	 0.211420E+02 	 0.486113E-01 	 0.141580E+00 	 0.278918E-01  	 -0.211990E+01 	 0.128632E+00  	  0.142410E+01   	   0.337168E+00   	35.60     	1
NA    NA      NA     NA     NA      NA     NA     NA    NA    NA   NA   NA   3
 267	0.207660E+02 	 0.286193E+00 	 0.242370E+02 	 0.720514E-01 	 0.450040E+00 	 0.340120E-01  	 -0.132220E+01 	 0.322157E+00  	  0.172160E+02   	   0.558148E+01   	40.51     	2
268	0.182580E+02 	 0.900649E-01 	 0.221100E+02 	 0.665130E-01 	 0.328130E+00 	 0.502236E-02  	 -0.211840E+01 	 0.501073E-01  	  0.899630E+02   	   0.433915E+01   	1021.32   	1
269	0.200260E+02 	 0.124931E+00 	 0.237250E+02 	 0.400069E-01 	 0.339570E+00 	 0.182299E-01  	 -0.212590E+01 	 0.167839E+00  	  0.177030E+02   	   0.386363E+01   	42.67     	1
270	0.197460E+02 	 0.297609E+00 	 0.203400E+02 	 0.920813E-01 	 0.499480E-02 	 0.252635E-01  	 -0.212900E+01 	 0.584031E+00  	  0.135520E+01   	   0.353636E+00   	19.27     	1
271	0.212510E+02 	 0.296527E+00 	 0.228690E+02 	 0.105362E+00 	 0.243190E+00 	 0.298474E-01  	 -0.337400E+00 	 0.449680E+00  	  0.617290E+01   	   0.156833E+01   	29.45     	1
272	0.195860E+02 	 0.249502E+00 	 0.245310E+02 	 0.609401E-01 	 0.453340E+00 	 0.111443E-01  	 -0.211850E+01 	 0.419398E+00  	  0.132950E+03   	   0.167472E+02   	60.13     	2
273	0.195950E+02 	 0.313970E+00 	 0.230150E+02 	 0.867643E-01 	 0.318280E+00 	 0.152125E-01  	 -0.219520E+01 	 0.581036E+00  	  0.256110E+02   	   0.444523E+01   	27.98     	1
274	0.222810E+02 	 0.629715E+00 	 0.241250E+02 	 0.261068E+00 	 0.363890E+00 	 0.372303E-01  	 0.160760E+01 	 0.671870E+00  	  0.150650E+02   	   0.102435E+02   	69.20     	1
275	0.198750E+02 	 0.105832E+00 	 0.206500E+02 	 0.426061E-01 	 0.509340E-01 	 0.293506E-01  	 -0.211840E+01 	 0.111159E+00  	  0.132740E+01   	   0.344264E+00   	26.40     	1
276	0.204920E+02 	 0.384860E+00 	 0.209680E+02 	 0.110588E+00 	 0.151990E+00 	 0.394765E-01  	 -0.161460E+01 	 0.424198E+00  	  0.803010E+00   	   0.374819E+00   	8.36      	2
277	0.197240E+02 	 0.244730E+00 	 0.204830E+02 	 0.769199E-01 	 0.941550E-01 	 0.301591E-01  	 -0.213140E+01 	 0.433922E+00  	  0.164600E+01   	   0.400709E+00   	24.66     	1
278	0.203590E+02 	 0.218469E+00 	 0.227040E+02 	 0.437226E-01 	 0.434510E+00 	 0.329495E-01  	 -0.219070E+01 	 0.273144E+00  	  0.127140E+01   	   0.795605E+00   	20.51     	1
279	0.195140E+02 	 0.403373E+00 	 0.210730E+02 	 0.118830E+00 	 0.163800E+00 	 0.200118E-01  	 -0.212820E+01 	 0.766376E+00  	  0.483630E+01   	   0.721585E+00   	15.00     	1
280	0.198600E+02 	 0.153397E+00 	 0.218270E+02 	 0.500822E-01 	 0.209610E+00 	 0.203463E-01  	 -0.213090E+01 	 0.178290E+00  	  0.438030E+01   	   0.958507E+00   	54.25     	2
281	0.202570E+02 	 0.886703E-01 	 0.240090E+02 	 0.276058E-01 	 0.254220E+00 	 0.152285E-01  	 -0.211980E+01 	 0.612468E-01  	  0.997330E+01   	   0.313842E+01   	105.70    	1
282	0.215220E+02 	 0.377256E+00 	 0.235460E+02 	 0.126421E+00 	 0.813430E-01 	 0.648296E-01  	 -0.931030E+00 	 0.405395E+00  	  0.150440E+01   	   0.147971E+01   	19.97     	2
283	0.214210E+02 	 0.372743E+00 	 0.229750E+02 	 0.124443E+00 	 0.210470E+00 	 0.231975E-01  	 0.409530E+00 	 0.719103E+00  	  0.908110E+01   	   0.202968E+01   	24.36     	2
284	0.212600E+02 	 0.129701E+00 	 0.242790E+02 	 0.786441E-01 	 0.194610E+00 	 0.215217E-01  	 -0.184500E+01 	 0.302940E+00  	  0.812290E-01   	   0.138589E+01   	29.79     	1
285	0.196430E+02 	 0.339831E+00 	 0.228940E+02 	 0.906043E-01 	 0.174560E+00 	 0.152635E-01  	 -0.215890E+01 	 0.557685E+00  	  0.214180E+02   	   0.309933E+01   	15.47     	2
286	0.184570E+02 	 0.341308E+00 	 0.199840E+02 	 0.170155E+00 	 0.294170E+00 	 0.127334E-01  	 -0.213190E+01 	 0.115647E+01  	  0.842770E+01   	   0.111533E+01   	17.76     	1
287	0.197580E+02 	 0.221750E+00 	 0.211900E+02 	 0.723137E-01 	 0.103770E+00 	 0.242982E-01  	 -0.211980E+01 	 0.297042E+00  	  0.311890E+01   	   0.679989E+00   	16.77     	2
288	0.205280E+02 	 0.614510E+00 	 0.220490E+02 	 0.225598E+00 	 0.401800E+00 	 0.544125E-01  	 -0.141890E+01 	 0.830985E+00  	  0.316290E+01   	   0.171028E+01   	15.24     	1
289	0.205980E+02 	 0.250460E+00 	 0.228430E+02 	 0.651044E-01 	 0.291660E+00 	 0.291129E-01  	 -0.151670E+01 	 0.279901E+00  	  0.471370E+01   	   0.147898E+01   	14.89     	2
290	0.206070E+02 	 0.936400E-01 	 0.215340E+02 	 0.452146E-01 	 0.177900E-04 	 0.659966E-02  	 -0.208680E+01 	 0.966534E-01  	  0.158270E+00   	   0.123279E+00   	102.49    	2
291	0.198070E+02 	 0.264241E+00 	 0.231090E+02 	 0.829190E-01 	 0.449750E+00 	 0.216356E-01  	 -0.214350E+01 	 0.372068E+00  	  0.178970E+02   	   0.385122E+01   	26.13     	1
292	0.207120E+02 	 0.507746E+00 	 0.212950E+02 	 0.176337E+00 	 0.196270E+00 	 0.234816E-01  	 0.662790E+00 	 0.108187E+01  	  0.440280E+01   	   0.107985E+01   	11.90     	1
293	0.214480E+02 	 0.325813E+00 	 0.223600E+02 	 0.103974E+00 	 0.282320E-01 	 0.493521E-01  	 -0.119710E+01 	 0.463528E+00  	  0.215460E+00   	   0.348360E+00   	17.04     	2
294	0.210530E+02 	 0.648355E+00 	 0.214600E+02 	 0.243005E+00 	 0.173510E+00 	 0.337729E-01  	 0.160300E+01 	 0.104412E+01  	  0.409270E+01   	   0.154143E+01   	33.89     	1
295	0.217220E+02 	 0.257547E+00 	 0.237050E+02 	 0.119820E+00 	 0.127350E+00 	 0.278600E-01  	 -0.684600E+00 	 0.412760E+00  	  0.173710E+01   	   0.558150E+00   	23.50     	1
296	0.196870E+02 	 0.229094E+00 	 0.216460E+02 	 0.808210E-01 	 0.914250E-01 	 0.170084E-01  	 -0.222980E+01 	 0.314101E+00  	  0.488230E+01   	   0.104325E+01   	25.45     	1
297	0.196460E+02 	 0.251295E+00 	 0.206820E+02 	 0.822227E-01 	 0.157110E+00 	 0.276547E-01  	 -0.212700E+01 	 0.493874E+00  	  0.244460E+01   	   0.571560E+00   	9.28      	1
298	0.202830E+02 	 0.787433E-01 	 0.238990E+02 	 0.295729E-01 	 0.432400E+00 	 0.150151E-01  	 -0.221440E+01 	 0.534359E-01  	  0.559600E+01   	   0.393905E+01   	31.97     	1
NA    NA      NA     NA     NA      NA     NA     NA    NA    NA   NA   NA   3
 300	0.196140E+02 	 0.161152E+00 	 0.209210E+02 	 0.690201E-01 	 0.631390E-01 	 0.181535E-01  	 -0.212610E+01 	 0.299903E+00  	  0.334600E+01   	   0.612086E+00   	34.14     	1
301	0.191740E+02 	 0.687745E+00 	 0.213580E+02 	 0.277446E+00 	 0.214230E+00 	 0.337691E-01  	 -0.226640E+01 	 0.111773E+01  	  0.107060E+02   	   0.277014E+01   	30.52     	1
302	0.193090E+02 	 0.651032E+00 	 0.201940E+02 	 0.232131E+00 	 0.142120E+00 	 0.320811E-01  	 -0.214130E+01 	 0.115786E+01  	  0.295570E+01   	   0.628786E+00   	16.49     	1
303	0.189290E+02 	 0.389765E+00 	 0.218670E+02 	 0.161897E+00 	 0.500430E+00 	 0.140531E-01  	 -0.213740E+01 	 0.115966E+01  	  0.293370E+02   	   0.377344E+01   	39.84     	1
304	0.210020E+02 	 0.648910E+00 	 0.218870E+02 	 0.198256E+00 	 0.245710E+00 	 0.570199E-01  	 -0.978890E+00 	 0.713314E+00  	  0.163830E+01   	   0.103481E+01   	6.45      	2
305	0.190620E+02 	 0.534433E+00 	 0.202470E+02 	 0.204392E+00 	 0.137690E+00 	 0.228893E-01  	 -0.213730E+01 	 0.122685E+01  	  0.474680E+01   	   0.863943E+00   	20.94     	1
306	0.198490E+02 	 0.256311E+00 	 0.231540E+02 	 0.787078E-01 	 0.346460E+00 	 0.220161E-01  	 -0.213990E+01 	 0.363963E+00  	  0.167680E+02   	   0.363614E+01   	40.87     	1
307	0.195820E+02 	 0.238642E+00 	 0.209650E+02 	 0.822999E-01 	 0.903470E-01 	 0.189343E-01  	 -0.212380E+01 	 0.456457E+00  	  0.376550E+01   	   0.639590E+00   	11.59     	1
308	0.183760E+02 	 0.733290E+00 	 0.191310E+02 	 0.390486E+00 	 0.132180E+00 	 0.307801E-01  	 0.137050E+01 	 0.106124E+01  	  0.512500E+01   	   0.136167E+01   	9.40      	1
NA    NA      NA     NA     NA      NA     NA     NA    NA    NA   NA   NA   3
 310	0.202880E+02 	 0.299516E+00 	 0.212060E+02 	 0.980411E-01 	 0.100720E+00 	 0.313129E-01  	 -0.152930E+01 	 0.365733E+00  	  0.212760E+01   	   0.604207E+00   	8.38      	1
311	0.211530E+02 	 0.237515E+00 	 0.236180E+02 	 0.918584E-01 	 0.201580E+00 	 0.255829E-01  	 -0.317920E+00 	 0.349989E+00  	  0.161040E+02   	   0.346300E+01   	17.15     	1
312	0.195340E+02 	 0.470098E+00 	 0.217180E+02 	 0.133551E+00 	 0.184240E+00 	 0.210647E-01  	 -0.217600E+01 	 0.963076E+00  	  0.828230E+01   	   0.136638E+01   	14.37     	1
313	0.201670E+02 	 0.199184E-01 	 0.227340E+02 	 0.194197E-01 	 0.232720E-03 	 0.233580E-02  	 -0.211830E+01 	 0.112303E-01  	  0.404210E+01   	   0.358887E+00   	150.23    	1
314	0.196630E+02 	 0.224203E+00 	 0.233310E+02 	 0.725970E-01 	 0.262140E+00 	 0.154246E-01  	 -0.212070E+01 	 0.302538E+00  	  0.335330E+02   	   0.551862E+01   	26.05     	1
315	0.209960E+02 	 0.250129E+00 	 0.210750E+02 	 0.653724E-01 	 0.982540E-03 	 0.407041E-01  	 -0.169680E+01 	 0.287549E+00  	  0.701780E-01   	   0.208530E+00   	20.18     	1
316	0.210820E+02 	 0.321041E+00 	 0.246040E+02 	 0.558797E-01 	 0.166990E+00 	 0.113546E+00  	 -0.224450E+01 	 0.194158E+00  	  0.140780E-01   	   0.830158E+01   	29.90     	1
317	0.197400E+02 	 0.713160E-01 	 0.234810E+02 	 0.454375E-01 	 0.449500E+00 	 0.126162E-01  	 -0.211900E+01 	 0.496330E-01  	  0.323110E+02   	   0.580159E+01   	51.79     	1
318	0.192870E+02 	 0.703025E+00 	 0.220680E+02 	 0.405676E+00 	 0.249380E+00 	 0.365479E-01  	 -0.228250E+01 	 0.113474E+01  	  0.172320E+02   	   0.126818E+02   	161.75    	1
319	0.209560E+02 	 0.230237E+00 	 0.247370E+02 	 0.446063E-01 	 0.223330E+00 	 0.744961E-01  	 -0.177930E+01 	 0.231581E+00  	  0.228500E+01   	   0.949688E+01   	27.81     	2
320	0.193630E+02 	 0.619750E+00 	 0.205470E+02 	 0.206652E+00 	 0.139220E+00 	 0.278825E-01  	 -0.212230E+01 	 0.120490E+01  	  0.387840E+01   	   0.764121E+00   	11.71     	1
321	0.213180E+02 	 0.210585E+00 	 0.221980E+02 	 0.839808E-01 	 0.431120E-01 	 0.308807E-01  	 -0.108700E+01 	 0.367461E+00  	  0.560050E+00   	   0.157822E+00   	3.19      	1
322	0.185560E+02 	 0.590005E-01 	 0.239120E+02 	 0.439776E-01 	 0.186880E+00 	 0.592027E-02  	 -0.212040E+01 	 0.347756E-01  	  0.379930E+03   	   0.186909E+02   	1954.70   	1
323	0.211740E+02 	 0.507231E+00 	 0.225930E+02 	 0.182079E+00 	 0.276000E+00 	 0.260900E-01  	 0.155810E+01 	 0.893698E+00  	  0.111770E+02   	   0.308779E+01   	30.53     	1
324	0.199100E+02 	 0.607399E-01 	 0.211120E+02 	 0.315194E-01 	 0.452760E-03 	 0.538742E-02  	 -0.211930E+01 	 0.113292E+00  	  0.189800E+01   	   0.350603E+00   	113.74    	2
325	0.199850E+02 	 0.181573E+00 	 0.247740E+02 	 0.636671E-01 	 0.424550E+00 	 0.287294E-01  	 -0.211880E+01 	 0.257503E+00  	  0.589050E+02   	   0.159769E+02   	68.25     	2
326	0.212710E+02 	 0.517819E+00 	 0.210110E+02 	 0.193425E+00 	 0.889720E-01 	 0.289150E-01  	 0.147230E+01 	 0.864165E+00  	  0.205670E+01   	   0.611581E+00   	7.07      	1
327	0.181940E+02 	 0.954544E-01 	 0.206990E+02 	 0.719277E-01 	 0.384860E+00 	 0.596866E-02  	 -0.211850E+01 	 0.602085E-01  	  0.236100E+02   	   0.124833E+01   	940.92    	1
328	0.188880E+02 	 0.413428E+00 	 0.208860E+02 	 0.182442E+00 	 0.240500E+00 	 0.149573E-01  	 -0.214610E+01 	 0.120188E+01  	  0.116270E+02   	   0.174063E+01   	18.91     	1
329	0.217080E+02 	 0.986752E+00 	 0.213370E+02 	 0.412261E+00 	 0.225910E+00 	 0.635916E-01  	 0.159990E+01 	 0.103211E+01  	  0.181990E+01   	   0.171282E+01   	25.33     	1
330	0.201030E+02 	 0.209953E+00 	 0.230010E+02 	 0.597088E-01 	 0.516220E+00 	 0.257197E-01  	 -0.212600E+01 	 0.259322E+00  	  0.655720E+01   	   0.182741E+01   	26.08     	1
331	0.198600E+02 	 0.176033E+00 	 0.232880E+02 	 0.544467E-01 	 0.301840E+00 	 0.172890E-01  	 -0.212160E+01 	 0.296725E+00  	  0.192650E+02   	   0.391960E+01   	31.16     	1
332	0.199710E+02 	 0.105073E+00 	 0.217130E+02 	 0.403631E-01 	 0.100290E+00 	 0.186751E-01  	 -0.213390E+01 	 0.103380E+00  	  0.278290E+01   	   0.637154E+00   	18.06     	1
333	0.185730E+02 	 0.315333E+00 	 0.219020E+02 	 0.151110E+00 	 0.493020E+00 	 0.102968E-01  	 -0.211840E+01 	 0.109475E+01  	  0.499170E+02   	   0.541352E+01   	44.56     	1
334	0.210090E+02 	 0.100839E+00 	 0.245450E+02 	 0.277948E-01 	 0.160170E+00 	 0.249789E-01  	 -0.198190E+01 	 0.926049E-01  	  0.339770E+00   	   0.207000E+00   	12.57     	1
335	0.191850E+02 	 0.483455E+00 	 0.228620E+02 	 0.162790E+00 	 0.494950E+00 	 0.163336E-01  	 -0.214370E+01 	 0.122883E+01  	  0.528190E+02   	   0.773306E+01   	50.35     	1
336	0.199400E+02 	 0.167492E+00 	 0.224130E+02 	 0.507299E-01 	 0.131970E+00 	 0.200060E-01  	 -0.211840E+01 	 0.179938E+00  	  0.639200E+01   	   0.148299E+01   	44.95     	2
NA    NA      NA     NA     NA      NA     NA     NA    NA    NA   NA   NA   3
 338	0.194710E+02 	 0.569943E+00 	 0.206560E+02 	 0.198472E+00 	 0.177530E+00 	 0.291357E-01  	 -0.223510E+01 	 0.106237E+01  	  0.303270E+01   	   0.750216E+00   	6.79      	1
339	0.217650E+02 	 0.212102E+00 	 0.240920E+02 	 0.858613E-01 	 0.179880E+00 	 0.261631E-01  	 0.104990E-01 	 0.391636E+00  	  0.106140E+02   	   0.220884E+01   	150.73    	1
340	0.194940E+02 	 0.417251E+00 	 0.211250E+02 	 0.155423E+00 	 0.264820E+00 	 0.201244E-01  	 -0.225150E+01 	 0.113098E+01  	  0.449410E+01   	   0.102897E+01   	22.33     	1
341	0.210580E+02 	 0.128600E+00 	 0.244510E+02 	 0.509285E-01 	 0.171620E+00 	 0.228027E-01  	 -0.153080E+01 	 0.301461E+00  	  0.324770E+01   	   0.134142E+01   	17.34     	2
342	0.207460E+02 	 0.483935E+00 	 0.220760E+02 	 0.196636E+00 	 0.292200E+00 	 0.263355E-01  	 0.946210E+00 	 0.941412E+00  	  0.968970E+01   	   0.251181E+01   	28.58     	1
343	0.199560E+02 	 0.100248E+00 	 0.245730E+02 	 0.352888E-01 	 0.451530E+00 	 0.127493E-01  	 -0.212190E+01 	 0.128057E+00  	  0.523890E+02   	   0.108733E+02   	43.88     	2
344	0.202320E+02 	 0.445906E+00 	 0.209870E+02 	 0.133837E+00 	 0.119420E+00 	 0.288622E-01  	 -0.132040E+01 	 0.854646E+00  	  0.251110E+01   	   0.562880E+00   	14.43     	1
345	0.196180E+02 	 0.248653E+00 	 0.217230E+02 	 0.798965E-01 	 0.204720E+00 	 0.160372E-01  	 -0.215090E+01 	 0.372013E+00  	  0.712090E+01   	   0.122848E+01   	12.64     	1
346	0.205880E+02 	 0.226551E+00 	 0.209620E+02 	 0.765210E-01 	 0.145730E-01 	 0.307847E-01  	 -0.186510E+01 	 0.261492E+00  	  0.263160E+00   	   0.274999E+00   	26.67     	2
347	0.169280E+02 	 0.162436E+00 	 0.200340E+02 	 0.811744E-01 	 0.487490E+00 	 0.795452E-02  	 -0.222460E+01 	 0.113532E+01  	  0.454840E+02   	   0.392922E+01   	70.40     	1
NA    NA      NA     NA     NA      NA     NA     NA    NA    NA   NA   NA   3
NA    NA      NA     NA     NA      NA     NA     NA    NA    NA   NA   NA   3
 350	0.200830E+02 	 0.180170E+00 	 0.210770E+02 	 0.572894E-01 	 0.168260E+00 	 0.323673E-01  	 -0.211970E+01 	 0.187417E+00  	  0.104900E+01   	   0.288627E+00   	28.15     	1
NA    NA      NA     NA     NA      NA     NA     NA    NA    NA   NA   NA   3
 352	0.203730E+02 	 0.273804E+00 	 0.218930E+02 	 0.651582E-01 	 0.171640E+00 	 0.443388E-01  	 -0.216250E+01 	 0.307381E+00  	  0.594710E+00   	   0.253187E+00   	12.32     	1
353	0.206180E+02 	 0.226496E+00 	 0.222770E+02 	 0.673269E-01 	 0.223430E+00 	 0.266029E-01  	 -0.161900E+01 	 0.240519E+00  	  0.190980E+01   	   0.110132E+01   	14.31     	2
354	0.197520E+02 	 0.294707E+00 	 0.215640E+02 	 0.958880E-01 	 0.221020E+00 	 0.268236E-01  	 -0.211890E+01 	 0.369553E+00  	  0.461710E+01   	   0.101617E+01   	17.17     	1
355	0.203960E+02 	 0.121265E+00 	 0.237710E+02 	 0.690543E-01 	 0.234630E+00 	 0.201102E-01  	 -0.108480E+01 	 0.112811E+00  	  0.375460E+02   	   0.514967E+01   	46.56     	2
356	0.208900E+02 	 0.196485E+00 	 0.230950E+02 	 0.283808E-01 	 0.160890E+00 	 0.354312E-01  	 -0.156050E+01 	 0.271228E+00  	  0.171720E+01   	   0.911368E+00   	12.33     	1
357	0.217090E+02 	 0.465578E+00 	 0.232890E+02 	 0.197233E+00 	 0.374180E+00 	 0.325690E-01  	 0.160130E+01 	 0.513013E+00  	  0.127990E+02   	   0.437452E+01   	49.57     	1
358	0.195350E+02 	 0.228685E+00 	 0.224370E+02 	 0.846616E-01 	 0.150880E+00 	 0.147869E-01  	 -0.214970E+01 	 0.358041E+00  	  0.175550E+02   	   0.256996E+01   	14.81     	2
359	0.216880E+02 	 0.883872E+00 	 0.233420E+02 	 0.271560E+00 	 0.399210E+00 	 0.413688E-01  	 0.847130E+00 	 0.128099E+01  	  0.111230E+02   	   0.624677E+01   	32.22     	2
360	0.195800E+02 	 0.308779E+00 	 0.218330E+02 	 0.940055E-01 	 0.163950E+00 	 0.174100E-01  	 -0.215680E+01 	 0.505699E+00  	  0.859980E+01   	   0.144327E+01   	40.72     	1
361	0.194320E+02 	 0.549102E+00 	 0.204840E+02 	 0.182970E+00 	 0.179200E+00 	 0.271054E-01  	 -0.216540E+01 	 0.113481E+01  	  0.303300E+01   	   0.622619E+00   	10.45     	1
362	0.185540E+02 	 0.162414E+00 	 0.221670E+02 	 0.102064E+00 	 0.436350E+00 	 0.669320E-02  	 -0.212060E+01 	 0.350023E+00  	  0.665100E+02   	   0.506047E+01   	70.86     	1
363	0.197620E+02 	 0.187548E+00 	 0.217430E+02 	 0.645718E-01 	 0.148150E+00 	 0.175897E-01  	 -0.212290E+01 	 0.230097E+00  	  0.534670E+01   	   0.106576E+01   	46.91     	1
364	0.193820E+02 	 0.429956E+00 	 0.204330E+02 	 0.146300E+00 	 0.824800E-01 	 0.202316E-01  	 -0.213970E+01 	 0.112876E+01  	  0.327760E+01   	   0.554818E+00   	11.86     	1
365	0.212730E+02 	 0.296606E+00 	 0.246880E+02 	 0.709283E-01 	 0.130430E+00 	 0.954461E-01  	 -0.208960E+01 	 0.201014E+00  	  0.844770E-02   	   0.842659E+01   	26.08     	2
366	0.199600E+02 	 0.112424E+00 	 0.207370E+02 	 0.490451E-01 	 0.561380E-01 	 0.349383E-01  	 -0.212830E+01 	 0.112230E+00  	  0.109860E+01   	   0.353399E+00   	116.64    	1
367	0.212560E+02 	 0.425077E+00 	 0.210030E+02 	 0.168160E+00 	 0.838930E-01 	 0.301075E-01  	 0.127330E+00 	 0.700111E+00  	  0.137850E+01   	   0.390142E+00   	20.95     	1
368	0.194810E+02 	 0.492789E+00 	 0.219300E+02 	 0.153553E+00 	 0.392170E+00 	 0.216982E-01  	 -0.211940E+01 	 0.110606E+01  	  0.123280E+02   	   0.205163E+01   	43.36     	1
369	0.200480E+02 	 0.461474E+00 	 0.216820E+02 	 0.152137E+00 	 0.182860E+00 	 0.205449E-01  	 -0.120070E+01 	 0.103491E+01  	  0.768790E+01   	   0.145293E+01   	28.23     	1
370	0.199180E+02 	 0.259575E+00 	 0.228770E+02 	 0.789787E-01 	 0.486750E+00 	 0.250053E-01  	 -0.212260E+01 	 0.301196E+00  	  0.107810E+02   	   0.250716E+01   	25.93     	2
371	0.199470E+02 	 0.431384E+00 	 0.250460E+02 	 0.105098E+00 	 0.356040E+00 	 0.571646E-01  	 -0.212830E+01 	 0.472930E+00  	  0.851020E+02   	   0.206631E+02   	28.97     	2
